Log file open, 07/14/20 16:45:31
LogInit: Display: Running engine for game: BlackBoard_Nav
LogPlatformFile: Not using cached read wrapper
LogTaskGraph: Started task graph with 5 named threads and 14 total threads with 3 sets of task threads.
LogStats: Stats thread started at 14.389752
LogD3D11RHI: Warning: Failed to load GFSDK_Aftermath_Lib.x64.dll
LogICUInternationalization: ICU TimeZone Detection - Raw Offset: -6:00, Platform Override: ''
LogPluginManager: Mounting plugin Paper2D
LogPluginManager: Mounting plugin AISupport
LogPluginManager: Mounting plugin LightPropagationVolume
LogPluginManager: Mounting plugin CameraShakePreviewer
LogPluginManager: Mounting plugin ActorLayerUtilities
LogPluginManager: Mounting plugin AnimationSharing
LogPluginManager: Mounting plugin CLionSourceCodeAccess
LogPluginManager: Mounting plugin CodeLiteSourceCodeAccess
LogPluginManager: Mounting plugin GitSourceControl
LogPluginManager: Mounting plugin KDevelopSourceCodeAccess
LogPluginManager: Mounting plugin NullSourceCodeAccess
LogPluginManager: Mounting plugin PerforceSourceControl
LogPluginManager: Mounting plugin PlasticSourceControl
LogPluginManager: Mounting plugin RiderSourceCodeAccess
LogPluginManager: Mounting plugin SubversionSourceControl
LogPluginManager: Mounting plugin UObjectPlugin
LogPluginManager: Mounting plugin VisualStudioCodeSourceCodeAccess
LogPluginManager: Mounting plugin VisualStudioSourceCodeAccess
LogPluginManager: Mounting plugin XCodeSourceCodeAccess
LogPluginManager: Mounting plugin AssetManagerEditor
LogPluginManager: Mounting plugin CryptoKeys
LogPluginManager: Mounting plugin CurveEditorTools
LogPluginManager: Mounting plugin DataValidation
LogPluginManager: Mounting plugin EditorScriptingUtilities
LogPluginManager: Mounting plugin FacialAnimation
LogPluginManager: Mounting plugin GameplayTagsEditor
LogPluginManager: Mounting plugin GeometryMode
LogPluginManager: Mounting plugin MacGraphicsSwitching
LogPluginManager: Mounting plugin MaterialAnalyzer
LogPluginManager: Mounting plugin MobileLauncherProfileWizard
LogPluginManager: Mounting plugin PluginBrowser
LogPluginManager: Mounting plugin SpeedTreeImporter
LogPluginManager: Mounting plugin DatasmithContent
LogPluginManager: Mounting plugin VariantManagerContent
LogPluginManager: Mounting plugin AlembicImporter
LogPluginManager: Mounting plugin AutomationUtils
LogPluginManager: Mounting plugin BackChannel
LogPluginManager: Mounting plugin ChaosCloth
LogPluginManager: Mounting plugin ChaosClothEditor
LogPluginManager: Mounting plugin ChaosEditor
LogPluginManager: Mounting plugin ChaosNiagara
LogPluginManager: Mounting plugin ChaosSolverPlugin
LogPluginManager: Mounting plugin CharacterAI
LogPluginManager: Mounting plugin GeometryCache
LogPluginManager: Mounting plugin GeometryCollectionPlugin
LogPluginManager: Mounting plugin GeometryProcessing
LogPluginManager: Mounting plugin PlanarCut
LogPluginManager: Mounting plugin PlatformCrypto
LogPluginManager: Mounting plugin ProxyLODPlugin
LogPluginManager: Mounting plugin SkeletalReduction
LogPluginManager: Mounting plugin Niagara
LogPluginManager: Mounting plugin MagicLeap
LogPluginManager: Mounting plugin MagicLeapLightEstimation
LogPluginManager: Mounting plugin MagicLeapMedia
LogPluginManager: Mounting plugin MagicLeapPassableWorld
LogPluginManager: Mounting plugin MLSDK
LogPluginManager: Mounting plugin AndroidMedia
LogPluginManager: Mounting plugin AvfMedia
LogPluginManager: Mounting plugin ImgMedia
LogPluginManager: Mounting plugin MediaCompositing
LogPluginManager: Mounting plugin MediaPlayerEditor
LogPluginManager: Mounting plugin WebMMedia
LogPluginManager: Mounting plugin WmfMedia
LogPluginManager: Mounting plugin MeshPainting
LogPluginManager: Mounting plugin TcpMessaging
LogPluginManager: Mounting plugin UdpMessaging
LogPluginManager: Mounting plugin ActorSequence
LogPluginManager: Mounting plugin LevelSequenceEditor
LogPluginManager: Mounting plugin MatineeToLevelSequence
LogPluginManager: Mounting plugin MovieRenderPipeline
LogPluginManager: Mounting plugin TemplateSequence
LogPluginManager: Mounting plugin NetcodeUnitTest
LogPluginManager: Mounting plugin NUTUnrealEngine4
LogPluginManager: Mounting plugin OnlineSubsystemGooglePlay
LogPluginManager: Mounting plugin OnlineSubsystemIOS
LogPluginManager: Mounting plugin OnlineSubsystem
LogPluginManager: Mounting plugin OnlineSubsystemNull
LogPluginManager: Mounting plugin OnlineSubsystemUtils
LogPluginManager: Mounting plugin LauncherChunkInstaller
LogPluginManager: Mounting plugin AndroidDeviceProfileSelector
LogPluginManager: Mounting plugin AndroidMoviePlayer
LogPluginManager: Mounting plugin AndroidPermission
LogPluginManager: Mounting plugin AppleImageUtils
LogPluginManager: Mounting plugin AppleMoviePlayer
LogPluginManager: Mounting plugin ArchVisCharacter
LogPluginManager: Mounting plugin AssetTags
LogPluginManager: Mounting plugin AudioCapture
LogPluginManager: Mounting plugin CableComponent
LogPluginManager: Mounting plugin CustomMeshComponent
LogPluginManager: Mounting plugin EditableMesh
LogPluginManager: Mounting plugin ExampleDeviceProfileSelector
LogPluginManager: Mounting plugin GoogleCloudMessaging
LogPluginManager: Mounting plugin GooglePAD
LogPluginManager: Mounting plugin HoudiniEngine
LogPluginManager: Mounting plugin IOSDeviceProfileSelector
LogPluginManager: Mounting plugin LinuxDeviceProfileSelector
LogPluginManager: Mounting plugin LocationServicesBPLibrary
LogPluginManager: Mounting plugin MobilePatchingUtils
LogPluginManager: Mounting plugin OculusVR
LogPluginManager: Mounting plugin PhysXVehicles
LogPluginManager: Mounting plugin PostSplashScreen
LogPluginManager: Mounting plugin ProceduralMeshComponent
LogPluginManager: Mounting plugin RuntimePhysXCooking
LogPluginManager: Mounting plugin SignificanceManager
LogPluginManager: Mounting plugin SoundFields
LogPluginManager: Mounting plugin SteamVR
LogPluginManager: Mounting plugin Synthesis
LogPluginManager: Mounting plugin WebMMoviePlayer
LogPluginManager: Mounting plugin WindowsMoviePlayer
LogPluginManager: Mounting plugin ScreenshotTools
LogInit: Using libcurl 7.55.1-DEV
LogInit:  - built for x86_64-pc-win32
LogInit:  - supports SSL with OpenSSL/1.1.1
LogInit:  - supports HTTP deflate (compression) using libz 1.2.8
LogInit:  - other features:
LogInit:      CURL_VERSION_SSL
LogInit:      CURL_VERSION_LIBZ
LogInit:      CURL_VERSION_IPV6
LogInit:      CURL_VERSION_ASYNCHDNS
LogInit:      CURL_VERSION_LARGEFILE
LogInit:      CURL_VERSION_IDN
LogInit:  CurlRequestOptions (configurable via config and command line):
LogInit:  - bVerifyPeer = true  - Libcurl will verify peer certificate
LogInit:  - bUseHttpProxy = false  - Libcurl will NOT use HTTP proxy
LogInit:  - bDontReuseConnections = false  - Libcurl will reuse connections
LogInit:  - MaxHostConnections = 16  - Libcurl will limit the number of connections to a host
LogInit:  - LocalHostAddr = Default
LogInit:  - BufferSize = 65536
LogOnline: OSS: Creating online subsystem instance for: NULL
LogInit: WinSock: version 1.1 (2.2), MaxSocks=32767, MaxUdp=65467
LogOnline: OSS: TryLoadSubsystemAndSetDefault: Loaded subsystem for module [NULL]
LogInit: Build: ++UE4+Release-4.25-CL-13594126
LogInit: Engine Version: 4.25.1-13594126+++UE4+Release-4.25
LogInit: Compatible Engine Version: 4.25.0-13144385+++UE4+Release-4.25
LogInit: Net CL: 13144385
LogInit: OS: Windows 7 (Service Pack 1), CPU: Intel(R) Core(TM) i5-4670 CPU @ 3.40GHz, GPU: NVIDIA GeForce GTX 1080
LogInit: Compiled (64-bit): Jun  2 2020 02:10:36
LogInit: Compiled with Visual C++: 19.24.28315.00
LogInit: Build Configuration: Development
LogInit: Branch Name: ++UE4+Release-4.25
LogInit: Command Line: 
LogInit: Base Directory: D:/Bryan Tope de 250 gb/Hades/UE_4.25/Engine/Binaries/Win64/
LogInit: Allocator: TBB
LogInit: Installed Engine Build: 1
LogDevObjectVersion: Number of dev versions registered: 26
LogDevObjectVersion:   Dev-Blueprints (B0D832E4-1F89-4F0D-ACCF-7EB736FD4AA2): 10
LogDevObjectVersion:   Dev-Build (E1C64328-A22C-4D53-A36C-8E866417BD8C): 0
LogDevObjectVersion:   Dev-Core (375EC13C-06E4-48FB-B500-84F0262A717E): 4
LogDevObjectVersion:   Dev-Editor (E4B068ED-F494-42E9-A231-DA0B2E46BB41): 38
LogDevObjectVersion:   Dev-Framework (CFFC743F-43B0-4480-9391-14DF171D2073): 37
LogDevObjectVersion:   Dev-Mobile (B02B49B5-BB20-44E9-A304-32B752E40360): 2
LogDevObjectVersion:   Dev-Networking (A4E4105C-59A1-49B5-A7C5-40C4547EDFEE): 0
LogDevObjectVersion:   Dev-Online (39C831C9-5AE6-47DC-9A44-9C173E1C8E7C): 0
LogDevObjectVersion:   Dev-Physics (78F01B33-EBEA-4F98-B9B4-84EACCB95AA2): 4
LogDevObjectVersion:   Dev-Platform (6631380F-2D4D-43E0-8009-CF276956A95A): 0
LogDevObjectVersion:   Dev-Rendering (12F88B9F-8875-4AFC-A67C-D90C383ABD29): 43
LogDevObjectVersion:   Dev-Sequencer (7B5AE74C-D270-4C10-A958-57980B212A5A): 12
LogDevObjectVersion:   Dev-VR (D7296918-1DD6-4BDD-9DE2-64A83CC13884): 3
LogDevObjectVersion:   Dev-LoadTimes (C2A15278-BFE7-4AFE-6C17-90FF531DF755): 1
LogDevObjectVersion:   Private-Geometry (6EACA3D4-40EC-4CC1-B786-8BED09428FC5): 3
LogDevObjectVersion:   Dev-AnimPhys (29E575DD-E0A3-4627-9D10-D276232CDCEA): 17
LogDevObjectVersion:   Dev-Anim (AF43A65D-7FD3-4947-9873-3E8ED9C1BB05): 7
LogDevObjectVersion:   Dev-ReflectionCapture (6B266CEC-1EC7-4B8F-A30B-E4D90942FC07): 1
LogDevObjectVersion:   Dev-Automation (0DF73D61-A23F-47EA-B727-89E90C41499A): 1
LogDevObjectVersion:   FortniteMain (601D1886-AC64-4F84-AA16-D3DE0DEAC7D6): 31
LogDevObjectVersion:   Dev-Enterprise (9DFFBCD6-494F-0158-E221-12823C92A888): 10
LogDevObjectVersion:   Dev-Niagara (F2AED0AC-9AFE-416F-8664-AA7FFA26D6FC): 1
LogDevObjectVersion:   Dev-Destruction (174F1F0B-B4C6-45A5-B13F-2EE8D0FB917D): 10
LogDevObjectVersion:   Dev-Physics-Ext (35F94A83-E258-406C-A318-09F59610247C): 37
LogDevObjectVersion:   Dev-PhysicsMaterial-Chaos (B68FC16E-8B1B-42E2-B453-215C058844FE): 1
LogDevObjectVersion:   Dev-CineCamera (B2E18506-4273-CFC2-A54E-F4BB758BBA07): 1
LogInit: Presizing for max 25165824 objects, including 0 objects not considered by GC, pre-allocating 0 bytes for permanent pool.
LogConfig: Applying CVar settings from Section [/Script/Engine.StreamingSettings] File [D:/Bryan Tope de 250 gb/UE4_Projects/BlackBoard_Nav/Saved/Config/Windows/Engine.ini]
LogConfig: Setting CVar [[s.MinBulkDataSizeForAsyncLoading:131072]]
LogConfig: Setting CVar [[s.AsyncLoadingThreadEnabled:0]]
LogConfig: Setting CVar [[s.EventDrivenLoaderEnabled:1]]
LogConfig: Setting CVar [[s.WarnIfTimeLimitExceeded:0]]
LogConfig: Setting CVar [[s.TimeLimitExceededMultiplier:1.5]]
LogConfig: Setting CVar [[s.TimeLimitExceededMinTime:0.005]]
LogConfig: Setting CVar [[s.UseBackgroundLevelStreaming:1]]
LogConfig: Setting CVar [[s.PriorityAsyncLoadingExtraTime:15.0]]
LogConfig: Setting CVar [[s.LevelStreamingActorsUpdateTimeLimit:5.0]]
LogConfig: Setting CVar [[s.PriorityLevelStreamingActorsUpdateExtraTime:5.0]]
LogConfig: Setting CVar [[s.LevelStreamingComponentsRegistrationGranularity:10]]
LogConfig: Setting CVar [[s.UnregisterComponentsTimeLimit:1.0]]
LogConfig: Setting CVar [[s.LevelStreamingComponentsUnregistrationGranularity:5]]
LogConfig: Setting CVar [[s.FlushStreamingOnExit:1]]
LogInit: Object subsystem initialized
LogConfig: Setting CVar [[con.DebugEarlyDefault:1]]
LogConfig: Setting CVar [[r.setres:1280x720]]
[2020.07.14-22.45.31:359][  0]LogConfig: Setting CVar [[r.VSync:0]]
[2020.07.14-22.45.31:359][  0]LogConfig: Setting CVar [[r.RHICmdBypass:0]]
[2020.07.14-22.45.31:359][  0]LogConfig: Applying CVar settings from Section [/Script/Engine.RendererSettings] File [D:/Bryan Tope de 250 gb/UE4_Projects/BlackBoard_Nav/Saved/Config/Windows/Engine.ini]
[2020.07.14-22.45.31:359][  0]LogConfig: Setting CVar [[r.GPUCrashDebugging:0]]
[2020.07.14-22.45.31:359][  0]LogConfig: Applying CVar settings from Section [/Script/Engine.RendererOverrideSettings] File [D:/Bryan Tope de 250 gb/UE4_Projects/BlackBoard_Nav/Saved/Config/Windows/Engine.ini]
[2020.07.14-22.45.31:359][  0]LogConfig: Applying CVar settings from Section [/Script/Engine.StreamingSettings] File [D:/Bryan Tope de 250 gb/UE4_Projects/BlackBoard_Nav/Saved/Config/Windows/Engine.ini]
[2020.07.14-22.45.31:359][  0]LogConfig: Setting CVar [[s.MinBulkDataSizeForAsyncLoading:131072]]
[2020.07.14-22.45.31:359][  0]LogConfig: Setting CVar [[s.AsyncLoadingThreadEnabled:0]]
[2020.07.14-22.45.31:359][  0]LogConfig: Setting CVar [[s.EventDrivenLoaderEnabled:1]]
[2020.07.14-22.45.31:359][  0]LogConfig: Setting CVar [[s.WarnIfTimeLimitExceeded:0]]
[2020.07.14-22.45.31:359][  0]LogConfig: Setting CVar [[s.TimeLimitExceededMultiplier:1.5]]
[2020.07.14-22.45.31:359][  0]LogConfig: Setting CVar [[s.TimeLimitExceededMinTime:0.005]]
[2020.07.14-22.45.31:359][  0]LogConfig: Setting CVar [[s.UseBackgroundLevelStreaming:1]]
[2020.07.14-22.45.31:359][  0]LogConfig: Setting CVar [[s.PriorityAsyncLoadingExtraTime:15.0]]
[2020.07.14-22.45.31:359][  0]LogConfig: Setting CVar [[s.LevelStreamingActorsUpdateTimeLimit:5.0]]
[2020.07.14-22.45.31:359][  0]LogConfig: Setting CVar [[s.PriorityLevelStreamingActorsUpdateExtraTime:5.0]]
[2020.07.14-22.45.31:359][  0]LogConfig: Setting CVar [[s.LevelStreamingComponentsRegistrationGranularity:10]]
[2020.07.14-22.45.31:359][  0]LogConfig: Setting CVar [[s.UnregisterComponentsTimeLimit:1.0]]
[2020.07.14-22.45.31:359][  0]LogConfig: Setting CVar [[s.LevelStreamingComponentsUnregistrationGranularity:5]]
[2020.07.14-22.45.31:359][  0]LogConfig: Setting CVar [[s.FlushStreamingOnExit:1]]
[2020.07.14-22.45.31:359][  0]LogConfig: Applying CVar settings from Section [/Script/Engine.GarbageCollectionSettings] File [D:/Bryan Tope de 250 gb/UE4_Projects/BlackBoard_Nav/Saved/Config/Windows/Engine.ini]
[2020.07.14-22.45.31:359][  0]LogConfig: Setting CVar [[gc.MaxObjectsNotConsideredByGC:1]]
[2020.07.14-22.45.31:359][  0]LogConfig: Setting CVar [[gc.SizeOfPermanentObjectPool:0]]
[2020.07.14-22.45.31:359][  0]LogConfig: Setting CVar [[gc.FlushStreamingOnGC:0]]
[2020.07.14-22.45.31:359][  0]LogConfig: Setting CVar [[gc.NumRetriesBeforeForcingGC:10]]
[2020.07.14-22.45.31:359][  0]LogConfig: Setting CVar [[gc.AllowParallelGC:1]]
[2020.07.14-22.45.31:359][  0]LogConfig: Setting CVar [[gc.TimeBetweenPurgingPendingKillObjects:61.1]]
[2020.07.14-22.45.31:359][  0]LogConfig: Setting CVar [[gc.MaxObjectsInEditor:25165824]]
[2020.07.14-22.45.31:359][  0]LogConfig: Setting CVar [[gc.IncrementalBeginDestroyEnabled:1]]
[2020.07.14-22.45.31:359][  0]LogConfig: Setting CVar [[gc.CreateGCClusters:1]]
[2020.07.14-22.45.31:359][  0]LogConfig: Setting CVar [[gc.MinGCClusterSize:5]]
[2020.07.14-22.45.31:359][  0]LogConfig: Setting CVar [[gc.ActorClusteringEnabled:0]]
[2020.07.14-22.45.31:359][  0]LogConfig: Setting CVar [[gc.BlueprintClusteringEnabled:0]]
[2020.07.14-22.45.31:359][  0]LogConfig: Setting CVar [[gc.UseDisregardForGCOnDedicatedServers:0]]
[2020.07.14-22.45.31:359][  0]LogConfig: Applying CVar settings from Section [/Script/Engine.NetworkSettings] File [D:/Bryan Tope de 250 gb/UE4_Projects/BlackBoard_Nav/Saved/Config/Windows/Engine.ini]
[2020.07.14-22.45.31:359][  0]LogConfig: Applying CVar settings from Section [/Script/UnrealEd.CookerSettings] File [D:/Bryan Tope de 250 gb/UE4_Projects/BlackBoard_Nav/Saved/Config/Windows/Engine.ini]
[2020.07.14-22.45.31:366][  0]LogConfig: Applying CVar settings from Section [ViewDistanceQuality@3] File [D:/Bryan Tope de 250 gb/UE4_Projects/BlackBoard_Nav/Saved/Config/Windows/Scalability.ini]
[2020.07.14-22.45.31:366][  0]LogConfig: Setting CVar [[r.SkeletalMeshLODBias:0]]
[2020.07.14-22.45.31:366][  0]LogConfig: Setting CVar [[r.ViewDistanceScale:1.0]]
[2020.07.14-22.45.31:366][  0]LogConfig: Applying CVar settings from Section [AntiAliasingQuality@3] File [D:/Bryan Tope de 250 gb/UE4_Projects/BlackBoard_Nav/Saved/Config/Windows/Scalability.ini]
[2020.07.14-22.45.31:366][  0]LogConfig: Setting CVar [[r.PostProcessAAQuality:4]]
[2020.07.14-22.45.31:366][  0]LogConfig: Applying CVar settings from Section [ShadowQuality@3] File [D:/Bryan Tope de 250 gb/UE4_Projects/BlackBoard_Nav/Saved/Config/Windows/Scalability.ini]
[2020.07.14-22.45.31:366][  0]LogConfig: Setting CVar [[r.LightFunctionQuality:1]]
[2020.07.14-22.45.31:366][  0]LogConfig: Setting CVar [[r.ShadowQuality:5]]
[2020.07.14-22.45.31:366][  0]LogConfig: Setting CVar [[r.Shadow.CSM.MaxCascades:10]]
[2020.07.14-22.45.31:366][  0]LogConfig: Setting CVar [[r.Shadow.MaxResolution:2048]]
[2020.07.14-22.45.31:366][  0]LogConfig: Setting CVar [[r.Shadow.MaxCSMResolution:2048]]
[2020.07.14-22.45.31:366][  0]LogConfig: Setting CVar [[r.Shadow.RadiusThreshold:0.01]]
[2020.07.14-22.45.31:366][  0]LogConfig: Setting CVar [[r.Shadow.DistanceScale:1.0]]
[2020.07.14-22.45.31:366][  0]LogConfig: Setting CVar [[r.Shadow.CSM.TransitionScale:1.0]]
[2020.07.14-22.45.31:366][  0]LogConfig: Setting CVar [[r.Shadow.PreShadowResolutionFactor:1.0]]
[2020.07.14-22.45.31:366][  0]LogConfig: Setting CVar [[r.DistanceFieldShadowing:1]]
[2020.07.14-22.45.31:366][  0]LogConfig: Setting CVar [[r.DistanceFieldAO:1]]
[2020.07.14-22.45.31:366][  0]LogConfig: Setting CVar [[r.AOQuality:2]]
[2020.07.14-22.45.31:366][  0]LogConfig: Setting CVar [[r.VolumetricFog:1]]
[2020.07.14-22.45.31:366][  0]LogConfig: Setting CVar [[r.VolumetricFog.GridPixelSize:8]]
[2020.07.14-22.45.31:366][  0]LogConfig: Setting CVar [[r.VolumetricFog.GridSizeZ:128]]
[2020.07.14-22.45.31:366][  0]LogConfig: Setting CVar [[r.VolumetricFog.HistoryMissSupersampleCount:4]]
[2020.07.14-22.45.31:366][  0]LogConfig: Setting CVar [[r.LightMaxDrawDistanceScale:1]]
[2020.07.14-22.45.31:366][  0]LogConfig: Setting CVar [[r.CapsuleShadows:1]]
[2020.07.14-22.45.31:366][  0]LogConfig: Applying CVar settings from Section [PostProcessQuality@3] File [D:/Bryan Tope de 250 gb/UE4_Projects/BlackBoard_Nav/Saved/Config/Windows/Scalability.ini]
[2020.07.14-22.45.31:366][  0]LogConfig: Setting CVar [[r.MotionBlurQuality:4]]
[2020.07.14-22.45.31:366][  0]LogConfig: Setting CVar [[r.AmbientOcclusionMipLevelFactor:0.4]]
[2020.07.14-22.45.31:367][  0]LogConfig: Setting CVar [[r.AmbientOcclusionMaxQuality:100]]
[2020.07.14-22.45.31:367][  0]LogConfig: Setting CVar [[r.AmbientOcclusionLevels:-1]]
[2020.07.14-22.45.31:367][  0]LogConfig: Setting CVar [[r.AmbientOcclusionRadiusScale:1.0]]
[2020.07.14-22.45.31:367][  0]LogConfig: Setting CVar [[r.DepthOfFieldQuality:2]]
[2020.07.14-22.45.31:367][  0]LogConfig: Setting CVar [[r.RenderTargetPoolMin:400]]
[2020.07.14-22.45.31:367][  0]LogConfig: Setting CVar [[r.LensFlareQuality:2]]
[2020.07.14-22.45.31:367][  0]LogConfig: Setting CVar [[r.SceneColorFringeQuality:1]]
[2020.07.14-22.45.31:367][  0]LogConfig: Setting CVar [[r.EyeAdaptationQuality:2]]
[2020.07.14-22.45.31:367][  0]LogConfig: Setting CVar [[r.BloomQuality:5]]
[2020.07.14-22.45.31:367][  0]LogConfig: Setting CVar [[r.FastBlurThreshold:100]]
[2020.07.14-22.45.31:367][  0]LogConfig: Setting CVar [[r.Upscale.Quality:3]]
[2020.07.14-22.45.31:367][  0]LogConfig: Setting CVar [[r.Tonemapper.GrainQuantization:1]]
[2020.07.14-22.45.31:367][  0]LogConfig: Setting CVar [[r.LightShaftQuality:1]]
[2020.07.14-22.45.31:367][  0]LogConfig: Setting CVar [[r.Filter.SizeScale:1]]
[2020.07.14-22.45.31:367][  0]LogConfig: Setting CVar [[r.Tonemapper.Quality:5]]
[2020.07.14-22.45.31:367][  0]LogConfig: Setting CVar [[r.DOF.Gather.AccumulatorQuality:1        ; higher gathering accumulator quality]]
[2020.07.14-22.45.31:367][  0]LogConfig: Setting CVar [[r.DOF.Gather.PostfilterMethod:1          ; Median3x3 postfilering method]]
[2020.07.14-22.45.31:367][  0]LogConfig: Setting CVar [[r.DOF.Gather.EnableBokehSettings:0       ; no bokeh simulation when gathering]]
[2020.07.14-22.45.31:367][  0]LogConfig: Setting CVar [[r.DOF.Gather.RingCount:4                 ; medium number of samples when gathering]]
[2020.07.14-22.45.31:367][  0]LogConfig: Setting CVar [[r.DOF.Scatter.ForegroundCompositing:1    ; additive foreground scattering]]
[2020.07.14-22.45.31:367][  0]LogConfig: Setting CVar [[r.DOF.Scatter.BackgroundCompositing:2    ; additive background scattering]]
[2020.07.14-22.45.31:367][  0]LogConfig: Setting CVar [[r.DOF.Scatter.EnableBokehSettings:1      ; bokeh simulation when scattering]]
[2020.07.14-22.45.31:367][  0]LogConfig: Setting CVar [[r.DOF.Scatter.MaxSpriteRatio:0.1         ; only a maximum of 10% of scattered bokeh]]
[2020.07.14-22.45.31:367][  0]LogConfig: Setting CVar [[r.DOF.Recombine.Quality:1                ; cheap slight out of focus]]
[2020.07.14-22.45.31:367][  0]LogConfig: Setting CVar [[r.DOF.Recombine.EnableBokehSettings:0    ; no bokeh simulation on slight out of focus]]
[2020.07.14-22.45.31:367][  0]LogConfig: Setting CVar [[r.DOF.TemporalAAQuality:1                ; more stable temporal accumulation]]
[2020.07.14-22.45.31:367][  0]LogConfig: Setting CVar [[r.DOF.Kernel.MaxForegroundRadius:0.025]]
[2020.07.14-22.45.31:367][  0]LogConfig: Setting CVar [[r.DOF.Kernel.MaxBackgroundRadius:0.025]]
[2020.07.14-22.45.31:367][  0]LogConfig: Applying CVar settings from Section [TextureQuality@3] File [D:/Bryan Tope de 250 gb/UE4_Projects/BlackBoard_Nav/Saved/Config/Windows/Scalability.ini]
[2020.07.14-22.45.31:367][  0]LogConfig: Setting CVar [[r.Streaming.MipBias:0]]
[2020.07.14-22.45.31:367][  0]LogConfig: Setting CVar [[r.Streaming.AmortizeCPUToGPUCopy:0]]
[2020.07.14-22.45.31:367][  0]LogConfig: Setting CVar [[r.Streaming.MaxNumTexturesToStreamPerFrame:0]]
[2020.07.14-22.45.31:367][  0]LogConfig: Setting CVar [[r.Streaming.Boost:1]]
[2020.07.14-22.45.31:367][  0]LogConfig: Setting CVar [[r.MaxAnisotropy:8]]
[2020.07.14-22.45.31:367][  0]LogConfig: Setting CVar [[r.VT.MaxAnisotropy:8]]
[2020.07.14-22.45.31:367][  0]LogConfig: Setting CVar [[r.Streaming.LimitPoolSizeToVRAM:0]]
[2020.07.14-22.45.31:367][  0]LogConfig: Setting CVar [[r.Streaming.PoolSize:1000]]
[2020.07.14-22.45.31:367][  0]LogConfig: Setting CVar [[r.Streaming.MaxEffectiveScreenSize:0]]
[2020.07.14-22.45.31:367][  0]LogConfig: Applying CVar settings from Section [EffectsQuality@3] File [D:/Bryan Tope de 250 gb/UE4_Projects/BlackBoard_Nav/Saved/Config/Windows/Scalability.ini]
[2020.07.14-22.45.31:367][  0]LogConfig: Setting CVar [[r.TranslucencyLightingVolumeDim:64]]
[2020.07.14-22.45.31:367][  0]LogConfig: Setting CVar [[r.RefractionQuality:2]]
[2020.07.14-22.45.31:367][  0]LogConfig: Setting CVar [[r.SSR.Quality:3]]
[2020.07.14-22.45.31:367][  0]LogConfig: Setting CVar [[r.SSR.HalfResSceneColor:0]]
[2020.07.14-22.45.31:367][  0]LogConfig: Setting CVar [[r.SceneColorFormat:4]]
[2020.07.14-22.45.31:367][  0]LogConfig: Setting CVar [[r.DetailMode:2]]
[2020.07.14-22.45.31:367][  0]LogConfig: Setting CVar [[r.TranslucencyVolumeBlur:1]]
[2020.07.14-22.45.31:367][  0]LogConfig: Setting CVar [[r.MaterialQualityLevel:1 ; High quality]]
[2020.07.14-22.45.31:367][  0]LogConfig: Setting CVar [[r.SSS.Scale:1]]
[2020.07.14-22.45.31:367][  0]LogConfig: Setting CVar [[r.SSS.SampleSet:2]]
[2020.07.14-22.45.31:367][  0]LogConfig: Setting CVar [[r.SSS.Quality:1]]
[2020.07.14-22.45.31:367][  0]LogConfig: Setting CVar [[r.SSS.HalfRes:0]]
[2020.07.14-22.45.31:367][  0]LogConfig: Setting CVar [[r.SSGI.Quality:3]]
[2020.07.14-22.45.31:367][  0]LogConfig: Setting CVar [[r.EmitterSpawnRateScale:1.0]]
[2020.07.14-22.45.31:367][  0]LogConfig: Setting CVar [[r.ParticleLightQuality:2]]
[2020.07.14-22.45.31:367][  0]LogConfig: Setting CVar [[r.SkyAtmosphere.AerialPerspectiveLUT.FastApplyOnOpaque:1 ; Always have FastSkyLUT 1 in this case to avoid wrong sky]]
[2020.07.14-22.45.31:367][  0]LogConfig: Setting CVar [[r.SkyAtmosphere.AerialPerspectiveLUT.SampleCountPerSlice:1]]
[2020.07.14-22.45.31:367][  0]LogConfig: Setting CVar [[r.SkyAtmosphere.AerialPerspectiveLUT.DepthResolution:16.0]]
[2020.07.14-22.45.31:367][  0]LogConfig: Setting CVar [[r.SkyAtmosphere.FastSkyLUT:1]]
[2020.07.14-22.45.31:367][  0]LogConfig: Setting CVar [[r.SkyAtmosphere.FastSkyLUT.SampleCountMin:4.0]]
[2020.07.14-22.45.31:367][  0]LogConfig: Setting CVar [[r.SkyAtmosphere.FastSkyLUT.SampleCountMax:32.0]]
[2020.07.14-22.45.31:367][  0]LogConfig: Setting CVar [[r.SkyAtmosphere.SampleCountMin:4.0]]
[2020.07.14-22.45.31:367][  0]LogConfig: Setting CVar [[r.SkyAtmosphere.SampleCountMax:32.0]]
[2020.07.14-22.45.31:367][  0]LogConfig: Setting CVar [[r.SkyAtmosphere.TransmittanceLUT.UseSmallFormat:0]]
[2020.07.14-22.45.31:367][  0]LogConfig: Setting CVar [[r.SkyAtmosphere.TransmittanceLUT.SampleCount:10.0]]
[2020.07.14-22.45.31:367][  0]LogConfig: Setting CVar [[r.SkyAtmosphere.MultiScatteringLUT.SampleCount:15.0]]
[2020.07.14-22.45.31:367][  0]LogConfig: Applying CVar settings from Section [FoliageQuality@3] File [D:/Bryan Tope de 250 gb/UE4_Projects/BlackBoard_Nav/Saved/Config/Windows/Scalability.ini]
[2020.07.14-22.45.31:367][  0]LogConfig: Setting CVar [[foliage.DensityScale:1.0]]
[2020.07.14-22.45.31:367][  0]LogConfig: Setting CVar [[grass.DensityScale:1.0]]
[2020.07.14-22.45.31:367][  0]LogConfig: Applying CVar settings from Section [ShadingQuality@3] File [D:/Bryan Tope de 250 gb/UE4_Projects/BlackBoard_Nav/Saved/Config/Windows/Scalability.ini]
[2020.07.14-22.45.31:367][  0]LogConfig: Setting CVar [[r.HairStrands.SkyLighting.SampleCount:16]]
[2020.07.14-22.45.31:367][  0]LogConfig: Setting CVar [[r.HairStrands.SkyLighting.JitterIntegration:0]]
[2020.07.14-22.45.31:367][  0]LogConfig: Setting CVar [[r.HairStrands.SkyAO.SampleCount:16]]
[2020.07.14-22.45.31:367][  0]LogConfig: Setting CVar [[r.HairStrands.DeepShadow.SuperSampling:0]]
[2020.07.14-22.45.31:367][  0]LogConfig: Setting CVar [[r.HairStrands.VisibilityPPLL:0]]
[2020.07.14-22.45.31:367][  0]LogConfig: Setting CVar [[r.HairStrands.RasterizationScale:0.5]]
[2020.07.14-22.45.31:367][  0]LogConfig: Setting CVar [[r.HairStrands.VelocityRasterizationScale:1]]
[2020.07.14-22.45.31:367][  0]LogInit: Selected Device Profile: [Windows]
[2020.07.14-22.45.31:367][  0]LogInit: Applying CVar settings loaded from the selected device profile: [Windows]
[2020.07.14-22.45.31:367][  0]LogHAL: Display: Platform has ~ 8 GB [8491143168 / 8589934592 / 8], which maps to Default [LargestMinGB=32, LargerMinGB=12, DefaultMinGB=8, SmallerMinGB=6, SmallestMinGB=0)
[2020.07.14-22.45.31:367][  0]LogInit: Going up to parent DeviceProfile []
[2020.07.14-22.45.31:367][  0]LogConfig: Applying CVar settings from Section [ViewDistanceQuality@1] File [D:/Bryan Tope de 250 gb/UE4_Projects/BlackBoard_Nav/Saved/Config/Windows/Scalability.ini]
[2020.07.14-22.45.31:367][  0]LogConfig: Setting CVar [[r.SkeletalMeshLODBias:1]]
[2020.07.14-22.45.31:367][  0]LogConfig: Setting CVar [[r.ViewDistanceScale:0.6]]
[2020.07.14-22.45.31:367][  0]LogConfig: Applying CVar settings from Section [AntiAliasingQuality@1] File [D:/Bryan Tope de 250 gb/UE4_Projects/BlackBoard_Nav/Saved/Config/Windows/Scalability.ini]
[2020.07.14-22.45.31:367][  0]LogConfig: Setting CVar [[r.PostProcessAAQuality:2]]
[2020.07.14-22.45.31:367][  0]LogConfig: Applying CVar settings from Section [ShadowQuality@1] File [D:/Bryan Tope de 250 gb/UE4_Projects/BlackBoard_Nav/Saved/Config/Windows/Scalability.ini]
[2020.07.14-22.45.31:367][  0]LogConfig: Setting CVar [[r.LightFunctionQuality:1]]
[2020.07.14-22.45.31:367][  0]LogConfig: Setting CVar [[r.ShadowQuality:3]]
[2020.07.14-22.45.31:367][  0]LogConfig: Setting CVar [[r.Shadow.CSM.MaxCascades:1]]
[2020.07.14-22.45.31:367][  0]LogConfig: Setting CVar [[r.Shadow.MaxResolution:1024]]
[2020.07.14-22.45.31:367][  0]LogConfig: Setting CVar [[r.Shadow.MaxCSMResolution:1024]]
[2020.07.14-22.45.31:367][  0]LogConfig: Setting CVar [[r.Shadow.RadiusThreshold:0.05]]
[2020.07.14-22.45.31:368][  0]LogConfig: Setting CVar [[r.Shadow.DistanceScale:0.7]]
[2020.07.14-22.45.31:368][  0]LogConfig: Setting CVar [[r.Shadow.CSM.TransitionScale:0.25]]
[2020.07.14-22.45.31:368][  0]LogConfig: Setting CVar [[r.Shadow.PreShadowResolutionFactor:0.5]]
[2020.07.14-22.45.31:368][  0]LogConfig: Setting CVar [[r.DistanceFieldShadowing:0]]
[2020.07.14-22.45.31:368][  0]LogConfig: Setting CVar [[r.DistanceFieldAO:0]]
[2020.07.14-22.45.31:368][  0]LogConfig: Setting CVar [[r.VolumetricFog:0]]
[2020.07.14-22.45.31:368][  0]LogConfig: Setting CVar [[r.LightMaxDrawDistanceScale:.5]]
[2020.07.14-22.45.31:368][  0]LogConfig: Setting CVar [[r.CapsuleShadows:1]]
[2020.07.14-22.45.31:368][  0]LogConfig: Applying CVar settings from Section [PostProcessQuality@1] File [D:/Bryan Tope de 250 gb/UE4_Projects/BlackBoard_Nav/Saved/Config/Windows/Scalability.ini]
[2020.07.14-22.45.31:368][  0]LogConfig: Setting CVar [[r.MotionBlurQuality:3]]
[2020.07.14-22.45.31:368][  0]LogConfig: Setting CVar [[r.AmbientOcclusionMipLevelFactor:1.0]]
[2020.07.14-22.45.31:368][  0]LogConfig: Setting CVar [[r.AmbientOcclusionMaxQuality:60]]
[2020.07.14-22.45.31:368][  0]LogConfig: Setting CVar [[r.AmbientOcclusionLevels:-1]]
[2020.07.14-22.45.31:368][  0]LogConfig: Setting CVar [[r.AmbientOcclusionRadiusScale:1.5]]
[2020.07.14-22.45.31:368][  0]LogConfig: Setting CVar [[r.DepthOfFieldQuality:1]]
[2020.07.14-22.45.31:368][  0]LogConfig: Setting CVar [[r.RenderTargetPoolMin:350]]
[2020.07.14-22.45.31:368][  0]LogConfig: Setting CVar [[r.LensFlareQuality:0]]
[2020.07.14-22.45.31:368][  0]LogConfig: Setting CVar [[r.SceneColorFringeQuality:0]]
[2020.07.14-22.45.31:368][  0]LogConfig: Setting CVar [[r.EyeAdaptationQuality:0]]
[2020.07.14-22.45.31:368][  0]LogConfig: Setting CVar [[r.BloomQuality:4]]
[2020.07.14-22.45.31:368][  0]LogConfig: Setting CVar [[r.FastBlurThreshold:2]]
[2020.07.14-22.45.31:368][  0]LogConfig: Setting CVar [[r.Upscale.Quality:2]]
[2020.07.14-22.45.31:368][  0]LogConfig: Setting CVar [[r.Tonemapper.GrainQuantization:0]]
[2020.07.14-22.45.31:368][  0]LogConfig: Setting CVar [[r.LightShaftQuality:0]]
[2020.07.14-22.45.31:368][  0]LogConfig: Setting CVar [[r.Filter.SizeScale:0.7]]
[2020.07.14-22.45.31:368][  0]LogConfig: Setting CVar [[r.Tonemapper.Quality:2]]
[2020.07.14-22.45.31:368][  0]LogConfig: Setting CVar [[r.DOF.Gather.AccumulatorQuality:0        ; lower gathering accumulator quality]]
[2020.07.14-22.45.31:368][  0]LogConfig: Setting CVar [[r.DOF.Gather.PostfilterMethod:2          ; Max3x3 postfilering method]]
[2020.07.14-22.45.31:368][  0]LogConfig: Setting CVar [[r.DOF.Gather.EnableBokehSettings:0       ; no bokeh simulation when gathering]]
[2020.07.14-22.45.31:368][  0]LogConfig: Setting CVar [[r.DOF.Gather.RingCount:3                 ; low number of samples when gathering]]
[2020.07.14-22.45.31:368][  0]LogConfig: Setting CVar [[r.DOF.Scatter.ForegroundCompositing:0    ; no foreground scattering]]
[2020.07.14-22.45.31:368][  0]LogConfig: Setting CVar [[r.DOF.Scatter.BackgroundCompositing:0    ; no foreground scattering]]
[2020.07.14-22.45.31:368][  0]LogConfig: Setting CVar [[r.DOF.Recombine.Quality:0                ; no slight out of focus]]
[2020.07.14-22.45.31:368][  0]LogConfig: Setting CVar [[r.DOF.TemporalAAQuality:0                ; faster temporal accumulation]]
[2020.07.14-22.45.31:368][  0]LogConfig: Setting CVar [[r.DOF.Kernel.MaxForegroundRadius:0.006   ; required because low gathering and no scattering and not looking great at 1080p]]
[2020.07.14-22.45.31:368][  0]LogConfig: Setting CVar [[r.DOF.Kernel.MaxBackgroundRadius:0.006   ; required because low gathering and no scattering and not looking great at 1080p]]
[2020.07.14-22.45.31:368][  0]LogConfig: Applying CVar settings from Section [TextureQuality@1] File [D:/Bryan Tope de 250 gb/UE4_Projects/BlackBoard_Nav/Saved/Config/Windows/Scalability.ini]
[2020.07.14-22.45.31:368][  0]LogConfig: Setting CVar [[r.Streaming.MipBias:1]]
[2020.07.14-22.45.31:368][  0]LogConfig: Setting CVar [[r.Streaming.AmortizeCPUToGPUCopy:0]]
[2020.07.14-22.45.31:368][  0]LogConfig: Setting CVar [[r.Streaming.MaxNumTexturesToStreamPerFrame:0]]
[2020.07.14-22.45.31:368][  0]LogConfig: Setting CVar [[r.Streaming.Boost:1]]
[2020.07.14-22.45.31:368][  0]LogConfig: Setting CVar [[r.MaxAnisotropy:2]]
[2020.07.14-22.45.31:368][  0]LogConfig: Setting CVar [[r.VT.MaxAnisotropy:4]]
[2020.07.14-22.45.31:368][  0]LogConfig: Setting CVar [[r.Streaming.LimitPoolSizeToVRAM:1]]
[2020.07.14-22.45.31:368][  0]LogConfig: Setting CVar [[r.Streaming.PoolSize:600]]
[2020.07.14-22.45.31:368][  0]LogConfig: Setting CVar [[r.Streaming.MaxEffectiveScreenSize:0]]
[2020.07.14-22.45.31:368][  0]LogConfig: Applying CVar settings from Section [EffectsQuality@1] File [D:/Bryan Tope de 250 gb/UE4_Projects/BlackBoard_Nav/Saved/Config/Windows/Scalability.ini]
[2020.07.14-22.45.31:368][  0]LogConfig: Setting CVar [[r.TranslucencyLightingVolumeDim:32]]
[2020.07.14-22.45.31:368][  0]LogConfig: Setting CVar [[r.RefractionQuality:0]]
[2020.07.14-22.45.31:368][  0]LogConfig: Setting CVar [[r.SSR.Quality:0]]
[2020.07.14-22.45.31:368][  0]LogConfig: Setting CVar [[r.SSR.HalfResSceneColor:1]]
[2020.07.14-22.45.31:368][  0]LogConfig: Setting CVar [[r.SceneColorFormat:3]]
[2020.07.14-22.45.31:368][  0]LogConfig: Setting CVar [[r.DetailMode:1]]
[2020.07.14-22.45.31:368][  0]LogConfig: Setting CVar [[r.TranslucencyVolumeBlur:0]]
[2020.07.14-22.45.31:368][  0]LogConfig: Setting CVar [[r.MaterialQualityLevel:2 ; Medium quality]]
[2020.07.14-22.45.31:368][  0]LogConfig: Setting CVar [[r.SSS.Scale:0.75]]
[2020.07.14-22.45.31:368][  0]LogConfig: Setting CVar [[r.SSS.SampleSet:0]]
[2020.07.14-22.45.31:368][  0]LogConfig: Setting CVar [[r.SSS.Quality:0]]
[2020.07.14-22.45.31:368][  0]LogConfig: Setting CVar [[r.SSS.HalfRes:1]]
[2020.07.14-22.45.31:368][  0]LogConfig: Setting CVar [[r.SSGI.Quality:1]]
[2020.07.14-22.45.31:368][  0]LogConfig: Setting CVar [[r.EmitterSpawnRateScale:0.25]]
[2020.07.14-22.45.31:368][  0]LogConfig: Setting CVar [[r.ParticleLightQuality:0]]
[2020.07.14-22.45.31:368][  0]LogConfig: Setting CVar [[r.SkyAtmosphere.AerialPerspectiveLUT.FastApplyOnOpaque:1 ; Always have FastSkyLUT 1 in this case to avoid wrong sky]]
[2020.07.14-22.45.31:368][  0]LogConfig: Setting CVar [[r.SkyAtmosphere.AerialPerspectiveLUT.SampleCountPerSlice:1]]
[2020.07.14-22.45.31:368][  0]LogConfig: Setting CVar [[r.SkyAtmosphere.AerialPerspectiveLUT.DepthResolution:16.0]]
[2020.07.14-22.45.31:368][  0]LogConfig: Setting CVar [[r.SkyAtmosphere.FastSkyLUT:1]]
[2020.07.14-22.45.31:368][  0]LogConfig: Setting CVar [[r.SkyAtmosphere.FastSkyLUT.SampleCountMin:4.0]]
[2020.07.14-22.45.31:368][  0]LogConfig: Setting CVar [[r.SkyAtmosphere.FastSkyLUT.SampleCountMax:32.0]]
[2020.07.14-22.45.31:368][  0]LogConfig: Setting CVar [[r.SkyAtmosphere.SampleCountMin:4.0]]
[2020.07.14-22.45.31:368][  0]LogConfig: Setting CVar [[r.SkyAtmosphere.SampleCountMax:32.0]]
[2020.07.14-22.45.31:368][  0]LogConfig: Setting CVar [[r.SkyAtmosphere.TransmittanceLUT.UseSmallFormat:0]]
[2020.07.14-22.45.31:368][  0]LogConfig: Setting CVar [[r.SkyAtmosphere.TransmittanceLUT.SampleCount:10.0]]
[2020.07.14-22.45.31:368][  0]LogConfig: Setting CVar [[r.SkyAtmosphere.MultiScatteringLUT.SampleCount:15.0]]
[2020.07.14-22.45.31:368][  0]LogConfig: Applying CVar settings from Section [FoliageQuality@1] File [D:/Bryan Tope de 250 gb/UE4_Projects/BlackBoard_Nav/Saved/Config/Windows/Scalability.ini]
[2020.07.14-22.45.31:368][  0]LogConfig: Setting CVar [[foliage.DensityScale:0.4]]
[2020.07.14-22.45.31:368][  0]LogConfig: Setting CVar [[grass.DensityScale:0.4]]
[2020.07.14-22.45.31:368][  0]LogConfig: Applying CVar settings from Section [ShadingQuality@1] File [D:/Bryan Tope de 250 gb/UE4_Projects/BlackBoard_Nav/Saved/Config/Windows/Scalability.ini]
[2020.07.14-22.45.31:368][  0]LogConfig: Setting CVar [[r.HairStrands.SkyLighting.SampleCount:16]]
[2020.07.14-22.45.31:368][  0]LogConfig: Setting CVar [[r.HairStrands.SkyLighting.JitterIntegration:0]]
[2020.07.14-22.45.31:368][  0]LogConfig: Setting CVar [[r.HairStrands.SkyAO.SampleCount:16]]
[2020.07.14-22.45.31:368][  0]LogConfig: Setting CVar [[r.HairStrands.DeepShadow.SuperSampling:0]]
[2020.07.14-22.45.31:368][  0]LogConfig: Setting CVar [[r.HairStrands.VisibilityPPLL:0]]
[2020.07.14-22.45.31:368][  0]LogConfig: Setting CVar [[r.HairStrands.RasterizationScale:0.5]]
[2020.07.14-22.45.31:368][  0]LogConfig: Setting CVar [[r.HairStrands.VelocityRasterizationScale:1]]
[2020.07.14-22.45.31:368][  0]LogConfig: Applying CVar settings from Section [Startup] File [../../../Engine/Config/ConsoleVariables.ini]
[2020.07.14-22.45.31:368][  0]LogConfig: Setting CVar [[net.UseAdaptiveNetUpdateFrequency:0]]
[2020.07.14-22.45.31:368][  0]LogConfig: Setting CVar [[p.chaos.AllowCreatePhysxBodies:1]]
[2020.07.14-22.45.31:368][  0]LogConfig: Setting CVar [[fx.SkipVectorVMBackendOptimizations:1]]
[2020.07.14-22.45.31:369][  0]LogConfig: Applying CVar settings from Section [ConsoleVariables] File [D:/Bryan Tope de 250 gb/UE4_Projects/BlackBoard_Nav/Saved/Config/Windows/Engine.ini]
[2020.07.14-22.45.31:369][  0]LogInit: Computer: GAUST-PC
[2020.07.14-22.45.31:369][  0]LogInit: User: lobo
[2020.07.14-22.45.31:369][  0]LogInit: CPU Page size=4096, Cores=4
[2020.07.14-22.45.31:369][  0]LogInit: High frequency timer resolution =3.312705 MHz
[2020.07.14-22.45.31:369][  0]LogMemory: Memory total: Physical=7.9GB (8GB approx)
[2020.07.14-22.45.31:369][  0]LogMemory: Platform Memory Stats for Windows
[2020.07.14-22.45.31:369][  0]LogMemory: Process Physical Memory: 112.59 MB used, 112.59 MB peak
[2020.07.14-22.45.31:369][  0]LogMemory: Process Virtual Memory: 97.72 MB used, 97.72 MB peak
[2020.07.14-22.45.31:369][  0]LogMemory: Physical Memory: 6166.72 MB used,  1931.07 MB free, 8097.79 MB total
[2020.07.14-22.45.31:369][  0]LogMemory: Virtual Memory: 990.95 MB used,  8387617.00 MB free, 8388608.00 MB total
[2020.07.14-22.45.31:377][  0]LogWindows: WindowsPlatformFeatures enabled
[2020.07.14-22.45.31:387][  0]LogInit: Physics initialised using underlying interface: PhysX
[2020.07.14-22.45.31:388][  0]LogInit: Overriding language with editor language configuration option (en).
[2020.07.14-22.45.31:388][  0]LogInit: Overriding locale with editor locale configuration option (en).
[2020.07.14-22.45.31:557][  0]LogWindows: Failed to load 'shcore.dll' (GetLastError=126)
[2020.07.14-22.45.31:557][  0]LogWindows: File 'shcore.dll' does not exist
[2020.07.14-22.45.31:557][  0]LogInit: Setting process to DPI aware
[2020.07.14-22.45.31:580][  0]LogSlate: New Slate User Created.  User Index 0, Is Virtual User: 0
[2020.07.14-22.45.31:581][  0]LogSlate: Slate User Registered.  User Index 0, Is Virtual User: 0
[2020.07.14-22.45.31:680][  0]LogHMD: Failed to initialize OpenVR with code 110
[2020.07.14-22.45.31:680][  0]LogD3D11RHI: D3D11 min allowed feature level: 11_0
[2020.07.14-22.45.31:680][  0]LogD3D11RHI: D3D11 max allowed feature level: 11_0
[2020.07.14-22.45.31:680][  0]LogD3D11RHI: D3D11 adapters:
[2020.07.14-22.45.31:708][  0]LogD3D11RHI:    0. 'NVIDIA GeForce GTX 1080' (Feature Level 11_0)
[2020.07.14-22.45.31:708][  0]LogD3D11RHI:       8069/0/3792 MB DedicatedVideo/DedicatedSystem/SharedSystem, Outputs:2, VendorId:0x10de
[2020.07.14-22.45.31:708][  0]LogD3D11RHI: Chosen D3D11 Adapter: 0
[2020.07.14-22.45.31:713][  0]LogD3D11RHI: Creating new Direct3DDevice
[2020.07.14-22.45.31:713][  0]LogD3D11RHI:     GPU DeviceId: 0x1b80 (for the marketing name, search the web for "GPU Device Id")
[2020.07.14-22.45.31:713][  0]LogWindows: EnumDisplayDevices:
[2020.07.14-22.45.31:713][  0]LogWindows:    0. 'NVIDIA GeForce GTX 1080' (P:1 D:1)
[2020.07.14-22.45.31:713][  0]LogWindows:    1. 'NVIDIA GeForce GTX 1080' (P:0 D:1)
[2020.07.14-22.45.31:713][  0]LogWindows:    2. 'NVIDIA GeForce GTX 1080' (P:0 D:0)
[2020.07.14-22.45.31:713][  0]LogWindows:    3. 'NVIDIA GeForce GTX 1080' (P:0 D:0)
[2020.07.14-22.45.31:713][  0]LogWindows:    4. 'RDPDD Chained DD' (P:0 D:0)
[2020.07.14-22.45.31:713][  0]LogWindows:    5. 'RDP Encoder Mirror Driver' (P:0 D:0)
[2020.07.14-22.45.31:713][  0]LogWindows:    6. 'RDP Reflector Display Driver' (P:0 D:0)
[2020.07.14-22.45.31:713][  0]LogWindows: DebugString: GetVideoDriverDetailsInvalid PrimaryIsNotTheChoosenAdapter GetVideoDriverDetailsInvalid PrimaryIsNotTheChoosenAdapter GetVideoDriverDetailsInvalid PrimaryIsNotTheChoosenAdapter FoundDriverCount:4 
[2020.07.14-22.45.31:713][  0]LogD3D11RHI:     Adapter Name: NVIDIA GeForce GTX 1080
[2020.07.14-22.45.31:713][  0]LogD3D11RHI:   Driver Version: 430.64 (internal:26.21.14.3064, unified:430.64)
[2020.07.14-22.45.31:713][  0]LogD3D11RHI:      Driver Date: 5-5-2019
[2020.07.14-22.45.31:713][  0]LogRHI: Texture pool is 5648 MB (70% of 8069 MB)
[2020.07.14-22.45.31:729][  0]LogD3D11RHI: RHI has support for 64 bit atomics
[2020.07.14-22.45.31:729][  0]LogD3D11RHI: Async texture creation enabled
[2020.07.14-22.45.31:925][  0]LogD3D11RHI: GPU Timing Frequency: 1000.000000 (Debug: 2 2)
[2020.07.14-22.45.32:133][  0]LogTargetPlatformManager: Display: Loaded TargetPlatform 'AllDesktop'
[2020.07.14-22.45.32:152][  0]LogTargetPlatformManager: Display: Loaded TargetPlatform 'Android'
[2020.07.14-22.45.32:152][  0]LogTargetPlatformManager: Display: Loaded TargetPlatform 'Android_ASTC'
[2020.07.14-22.45.32:152][  0]LogTargetPlatformManager: Display: Loaded TargetPlatform 'Android_DXT'
[2020.07.14-22.45.32:152][  0]LogTargetPlatformManager: Display: Loaded TargetPlatform 'Android_ETC2'
[2020.07.14-22.45.32:152][  0]LogTargetPlatformManager: Display: Loaded TargetPlatform 'AndroidClient'
[2020.07.14-22.45.32:152][  0]LogTargetPlatformManager: Display: Loaded TargetPlatform 'Android_ASTCClient'
[2020.07.14-22.45.32:152][  0]LogTargetPlatformManager: Display: Loaded TargetPlatform 'Android_DXTClient'
[2020.07.14-22.45.32:152][  0]LogTargetPlatformManager: Display: Loaded TargetPlatform 'Android_ETC2Client'
[2020.07.14-22.45.32:152][  0]LogTargetPlatformManager: Display: Loaded TargetPlatform 'Android_Multi'
[2020.07.14-22.45.32:152][  0]LogTargetPlatformManager: Display: Loaded TargetPlatform 'Android_MultiClient'
[2020.07.14-22.45.32:167][  0]LogTargetPlatformManager: Display: Loaded TargetPlatform 'IOSClient'
[2020.07.14-22.45.32:167][  0]LogTargetPlatformManager: Display: Loaded TargetPlatform 'IOS'
[2020.07.14-22.45.32:174][  0]LogTargetPlatformManager: Display: Loaded TargetPlatform 'Linux'
[2020.07.14-22.45.32:181][  0]LogTargetPlatformManager: Display: Loaded TargetPlatform 'LinuxNoEditor'
[2020.07.14-22.45.32:187][  0]LogTargetPlatformManager: Display: Loaded TargetPlatform 'LinuxClient'
[2020.07.14-22.45.32:193][  0]LogTargetPlatformManager: Display: Loaded TargetPlatform 'LinuxServer'
[2020.07.14-22.45.32:200][  0]LogTargetPlatformManager: Display: Loaded TargetPlatform 'LinuxAArch64NoEditor'
[2020.07.14-22.45.32:206][  0]LogTargetPlatformManager: Display: Loaded TargetPlatform 'LinuxAArch64Client'
[2020.07.14-22.45.32:213][  0]LogTargetPlatformManager: Display: Loaded TargetPlatform 'LinuxAArch64Server'
[2020.07.14-22.45.32:237][  0]LogTargetPlatformManager: Display: Loaded TargetPlatform 'Lumin'
[2020.07.14-22.45.32:237][  0]LogTargetPlatformManager: Display: Loaded TargetPlatform 'LuminClient'
[2020.07.14-22.45.32:249][  0]LogTargetPlatformManager: Display: Loaded TargetPlatform 'TVOSClient'
[2020.07.14-22.45.32:249][  0]LogTargetPlatformManager: Display: Loaded TargetPlatform 'TVOS'
[2020.07.14-22.45.32:257][  0]LogTargetPlatformManager: Display: Loaded TargetPlatform 'WindowsNoEditor'
[2020.07.14-22.45.32:264][  0]LogTargetPlatformManager: Display: Loaded TargetPlatform 'Windows'
[2020.07.14-22.45.32:270][  0]LogTargetPlatformManager: Display: Loaded TargetPlatform 'WindowsClient'
[2020.07.14-22.45.32:277][  0]LogTargetPlatformManager: Display: Loaded TargetPlatform 'WindowsServer'
[2020.07.14-22.45.32:277][  0]LogTargetPlatformManager: Display: Building Assets For Windows
[2020.07.14-22.45.32:278][  0]LogAudioDebug: Display: Lib vorbis DLL was dynamically loaded.
[2020.07.14-22.45.32:291][  0]LogShaderCompilers: Guid format shader working directory is 3 characters bigger than the processId version (../../../../../UE4_Projects/BlackBoard_Nav/Intermediate/Shaders/WorkingDirectory/5800/).
[2020.07.14-22.45.32:292][  0]LogShaderCompilers: Cleaned the shader compiler working directory 'C:/Users/lobo/AppData/Local/Temp/UnrealShaderWorkingDir/CDD8309343C62DCC3CD8E3B3A5301A25/'.
[2020.07.14-22.45.32:292][  0]LogXGEController: Cannot use XGE Controller as Incredibuild is not installed on this machine.
[2020.07.14-22.45.32:292][  0]LogShaderCompilers: Cannot use XGE Shader Compiler as Incredibuild is not installed on this machine.
[2020.07.14-22.45.32:292][  0]LogShaderCompilers: Display: Using Local Shader Compiler.
[2020.07.14-22.45.33:079][  0]LogDerivedDataCache: Display: Max Cache Size: 512 MB
[2020.07.14-22.45.33:159][  0]LogDerivedDataCache: Loaded boot cache 0.08s 76MB C:/Users/lobo/AppData/Local/UnrealEngine/4.25/DerivedDataCache/Boot.ddc.
[2020.07.14-22.45.33:159][  0]LogDerivedDataCache: Display: Loaded Boot cache: C:/Users/lobo/AppData/Local/UnrealEngine/4.25/DerivedDataCache/Boot.ddc
[2020.07.14-22.45.33:159][  0]LogDerivedDataCache: FDerivedDataBackendGraph:  Pak pak cache file ../../../../../UE4_Projects/BlackBoard_Nav/DerivedDataCache/DDC.ddp not found, will not use a pak cache.
[2020.07.14-22.45.33:159][  0]LogDerivedDataCache: Unable to find inner node Pak for hierarchical cache Hierarchy.
[2020.07.14-22.45.33:159][  0]LogDerivedDataCache: FDerivedDataBackendGraph:  CompressedPak pak cache file ../../../../../UE4_Projects/BlackBoard_Nav/DerivedDataCache/Compressed.ddp not found, will not use a pak cache.
[2020.07.14-22.45.33:159][  0]LogDerivedDataCache: Unable to find inner node CompressedPak for hierarchical cache Hierarchy.
[2020.07.14-22.45.33:171][  0]LogDerivedDataCache: Display: Pak cache opened for reading ../../../Engine/DerivedDataCache/Compressed.ddp.
[2020.07.14-22.45.33:171][  0]LogDerivedDataCache: FDerivedDataBackendGraph:  EnterprisePak pak cache file ../../../Enterprise/DerivedDataCache/Compressed.ddp not found, will not use a pak cache.
[2020.07.14-22.45.33:171][  0]LogDerivedDataCache: Unable to find inner node EnterprisePak for hierarchical cache Hierarchy.
[2020.07.14-22.45.33:172][  0]LogDerivedDataCache: Using Local data cache path C:/Users/lobo/AppData/Local/UnrealEngine/Common/DerivedDataCache: Writable
[2020.07.14-22.45.33:172][  0]LogDerivedDataCache: Shared data cache path not found in *engine.ini, will not use an Shared cache.
[2020.07.14-22.45.33:172][  0]LogDerivedDataCache: Unable to find inner node Shared for hierarchical cache Hierarchy.
[2020.07.14-22.45.33:224][  0]LogSlate: Using FreeType 2.10.0
[2020.07.14-22.45.33:224][  0]LogSlate: SlateFontServices - WITH_FREETYPE: 1, WITH_HARFBUZZ: 1
[2020.07.14-22.45.33:249][  0]LogAssetRegistry: FAssetRegistry took 0.0021 seconds to start up
[2020.07.14-22.45.33:484][  0]LogInit: Selected Device Profile: [Windows]
[2020.07.14-22.45.33:577][  0]LogMeshReduction: Using QuadricMeshReduction for automatic static mesh reduction
[2020.07.14-22.45.33:577][  0]LogMeshReduction: Using SimplygonMeshReduction for automatic skeletal mesh reduction
[2020.07.14-22.45.33:577][  0]LogMeshReduction: Using ProxyLODMeshReduction for automatic mesh merging
[2020.07.14-22.45.33:577][  0]LogMeshReduction: No distributed automatic mesh merging module available
[2020.07.14-22.45.33:577][  0]LogMeshMerging: No distributed automatic mesh merging module available
[2020.07.14-22.45.33:593][  0]LogNetVersion: BlackBoard_Nav 1.0.0, NetCL: 13144385, EngineNetVer: 14, GameNetVer: 0 (Checksum: 1061987139)
[2020.07.14-22.45.34:034][  0]LogAISub: UAISubsystem::UAISubsystem AISubsystem (0000000049158680), frame # 0
[2020.07.14-22.45.34:034][  0]LogAISub: UAISubsystem::UAISubsystem AIPerceptionSystem (0000000049081440), frame # 0
[2020.07.14-22.45.34:035][  0]LogAISub: UAISubsystem::UAISubsystem EnvQueryManager (000000004907F200), frame # 0
[2020.07.14-22.45.34:066][  0]LogPackageLocalizationCache: Processed 20 localized package path(s) for 1 prioritized culture(s) in 0.025800 seconds
[2020.07.14-22.45.34:072][  0]LogUObjectArray: 15917 objects as part of root set at end of initial load.
[2020.07.14-22.45.34:072][  0]LogUObjectAllocator: 3965568 out of 0 bytes used by permanent object pool.
[2020.07.14-22.45.34:072][  0]LogUObjectArray: CloseDisregardForGC: 0/0 objects in disregard for GC pool
[2020.07.14-22.45.34:289][  0]LogTcpMessaging: Initializing TcpMessaging bridge
[2020.07.14-22.45.34:291][  0]LogUdpMessaging: Initializing bridge on interface 0.0.0.0:0 to multicast group 230.0.0.1:6666.
[2020.07.14-22.45.34:332][  0]SourceControl: Source control is disabled
[2020.07.14-22.45.34:333][  0]SourceControl: Source control is disabled
[2020.07.14-22.45.34:334][  0]SourceControl: Source control is disabled
[2020.07.14-22.45.34:335][  0]SourceControl: Source control is disabled
[2020.07.14-22.45.34:336][  0]SourceControl: Source control is disabled
[2020.07.14-22.45.34:414][  0]LogAndroidPermission: UAndroidPermissionCallbackProxy::GetInstance
[2020.07.14-22.45.34:420][  0]LogAudioCaptureCore: Display: No Audio Capture implementations found. Audio input will be silent.
[2020.07.14-22.45.34:420][  0]LogAudioCaptureCore: Display: No Audio Capture implementations found. Audio input will be silent.
[2020.07.14-22.45.34:432][  0]LogHoudiniEngine: Starting the Houdini Engine module.
[2020.07.14-22.45.34:433][  0]LogHoudiniEngine: Loaded libHAPIL.dll from Registry path D:/Houdini/bin
[2020.07.14-22.45.34:434][  0]LogLinker: Warning: Asset '../../Plugins/Runtime/HoudiniEngine/Content/houdini_logo.uasset' has been saved with empty engine version. The asset will be loaded but may be incompatible.
[2020.07.14-22.45.34:435][  0]LogLinker: Warning: Asset '../../Plugins/Runtime/HoudiniEngine/Content/houdini_default_material.uasset' has been saved with empty engine version. The asset will be loaded but may be incompatible.
[2020.07.14-22.45.34:438][  0]LogLinker: Warning: Asset '../../Plugins/Runtime/HoudiniEngine/Content/houdini_bgeo_import.uasset' has been saved with empty engine version. The asset will be loaded but may be incompatible.
[2020.07.14-22.45.34:462][  0]LogOcInput: OculusInput pre-init called
[2020.07.14-22.45.34:467][  0]LogWindows: Failed to load 'OVRPlugin.dll' (GetLastError=126)
[2020.07.14-22.45.34:467][  0]LogWindows: File 'OVRPlugin.dll' does not exist
[2020.07.14-22.45.34:511][  0]LogEngine: Initializing Engine...
[2020.07.14-22.45.34:511][  0]LogHMD: Failed to initialize OpenVR with code 110
[2020.07.14-22.45.34:511][  0]LogMagicLeap: Warning: VR disabled because ZI is not enabled.  To enable, in the editor, Edit -> Project Settings -> Plugins -> Magic Leap Plugin -> Enable Zero Iteration
[2020.07.14-22.45.34:512][  0]LogStats: UGameplayTagsManager::InitializeManager -  0.000 s
[2020.07.14-22.45.34:654][  0]LogInit: Initializing FReadOnlyCVARCache
[2020.07.14-22.45.34:660][  0]LogAIModule: Creating AISystem for world Untitled
[2020.07.14-22.45.34:660][  0]LogAISub: UAISubsystem::UAISubsystem EnvQueryManager (000000004FA73C00), frame # 0
[2020.07.14-22.45.34:660][  0]LogAISub: UAISubsystem::UAISubsystem AIPerceptionSystem (000000004FAD4900), frame # 0
[2020.07.14-22.45.34:684][  0]LogAudioMixer: Display: Audio Mixer Platform Settings:
[2020.07.14-22.45.34:684][  0]LogAudioMixer: Display: 	Sample Rate:						  48000
[2020.07.14-22.45.34:684][  0]LogAudioMixer: Display: 	Callback Buffer Frame Size Requested: 1024
[2020.07.14-22.45.34:684][  0]LogAudioMixer: Display: 	Callback Buffer Frame Size To Use:	  1024
[2020.07.14-22.45.34:684][  0]LogAudioMixer: Display: 	Number of buffers to queue:			  2
[2020.07.14-22.45.34:684][  0]LogAudioMixer: Display: 	Max Channels (voices):				  32
[2020.07.14-22.45.34:684][  0]LogAudioMixer: Display: 	Number of Async Source Workers:		  0
[2020.07.14-22.45.34:684][  0]LogAudio: Display: AudioDevice MaxSources: 32
[2020.07.14-22.45.34:685][  0]LogAudio: Display: Using built-in audio occlusion.
[2020.07.14-22.45.34:685][  0]LogAudioMixer: Display: Initializing audio mixer.
[2020.07.14-22.45.34:693][  0]LogAudioMixer: Display: 0: FrontLeft
[2020.07.14-22.45.34:693][  0]LogAudioMixer: Display: 1: FrontRight
[2020.07.14-22.45.34:705][  0]LogAudioMixer: Display: Using Audio Device Auriculares (Dispositivo de High Definition Audio)
[2020.07.14-22.45.34:711][  0]LogAudioMixer: Display: Initializing Sound Submixes...
[2020.07.14-22.45.34:714][  0]LogAudioMixer: Display: Creating Master Submix 'MasterSubmixDefault'
[2020.07.14-22.45.34:714][  0]LogAudioMixer: Display: Creating Master Submix 'MasterReverbSubmixDefault'
[2020.07.14-22.45.34:715][  0]LogAudioMixer: Display: Creating Master Submix 'MasterEQSubmixDefault'
[2020.07.14-22.45.34:716][  0]LogInit: FAudioDevice initialized.
[2020.07.14-22.45.34:716][  0]LogNetVersion: Set ProjectVersion to 1.0.0.0. Version Checksum will be recalculated on next use.
[2020.07.14-22.45.35:264][  0]LogDerivedDataCache: Error: Could not save memory cache C:/Users/lobo/AppData/Local/UnrealEngine/4.25/DerivedDataCache/Boot.ddc.
[2020.07.14-22.45.35:264][  0]LogInit: Texture streaming: Enabled
[2020.07.14-22.45.35:334][  0]LogEngineSessionManager: EngineSessionManager initialized
[2020.07.14-22.45.35:334][  0]LogEditorSessionSummary: Verbose: Initializing EditorSessionSummaryWriter for editor session tracking
[2020.07.14-22.45.35:486][  0]LogEditorSessionSummary: EditorSessionSummaryWriter initialized
[2020.07.14-22.45.35:665][  0]LogInit: Transaction tracking system initialized
[2020.07.14-22.45.35:991][  0]BlueprintLog: New page: Editor Load
[2020.07.14-22.45.36:916][  0]LocalizationService: Localization service is disabled
[2020.07.14-22.45.39:035][  0]LogFileCache: Scanning file cache for directory 'D:/Bryan Tope de 250 gb/UE4_Projects/BlackBoard_Nav/Content/' took 0.02s
[2020.07.14-22.45.39:035][  0]LogCook: Display: Max memory allowance for cook 16384mb min free memory 0mb
[2020.07.14-22.45.39:042][  0]LogCook: Display: Mobile HDR setting 1
[2020.07.14-22.45.40:591][  0]LogHoudiniEngineEditor: Starting the Houdini Engine Editor module.
[2020.07.14-22.45.40:601][  0]LogHoudiniEngineEditor: Houdini Engine Editor module startup complete.
[2020.07.14-22.45.41:255][  0]SourceControl: Source control is disabled
[2020.07.14-22.45.41:255][  0]LogUnrealEdMisc: Loading editor; pre map load, took 35.326
[2020.07.14-22.45.41:299][  0]Cmd: MAP LOAD FILE="../../../Engine/Content/Maps/Templates/Template_Default.umap" TEMPLATE=1 SHOWPROGRESS=1 FEATURELEVEL=3
[2020.07.14-22.45.41:299][  0]LightingResults: New page: Lighting Build
[2020.07.14-22.45.41:357][  0]LogWorld: UWorld::CleanupWorld for Untitled, bSessionEnded=true, bCleanupResources=true
[2020.07.14-22.45.41:358][  0]LogSlate: InvalidateAllWidgets triggered.  All widgets were invalidated
[2020.07.14-22.45.41:358][  0]MapCheck: New page: Map Check
[2020.07.14-22.45.41:358][  0]LightingResults: New page: Lighting Build
[2020.07.14-22.45.41:373][  0]LogAISub: UAISubsystem::~UAISubsystem EnvQueryManager (000000004FA73C00), frame # 0
[2020.07.14-22.45.41:373][  0]LogAISub: UAISubsystem::~UAISubsystem AIPerceptionSystem (000000004FAD4900), frame # 0
[2020.07.14-22.45.41:374][  0]LogUObjectHash: Compacting FUObjectHashTables data took   1.00ms
[2020.07.14-22.45.41:813][  0]LogAIModule: Creating AISystem for world Untitled_1
[2020.07.14-22.45.41:813][  0]LogAISub: UAISubsystem::UAISubsystem EnvQueryManager (000000003D8B7E00), frame # 0
[2020.07.14-22.45.41:813][  0]LogAISub: UAISubsystem::UAISubsystem AIPerceptionSystem (000000003D80D800), frame # 0
[2020.07.14-22.45.41:866][  0]LogEditorServer: Finished looking for orphan Actors (0.000 secs)
[2020.07.14-22.45.41:942][  0]LogUObjectHash: Compacting FUObjectHashTables data took   0.80ms
[2020.07.14-22.45.41:942][  0]Cmd: MAP CHECKDEP NOCLEARLOG
[2020.07.14-22.45.41:942][  0]MapCheck: Map check complete: 0 Error(s), 0 Warning(s), took 0.114ms to complete.
[2020.07.14-22.45.41:942][  0]LogFileHelpers: Loading map 'Template_Default' took 0.679
[2020.07.14-22.45.41:944][  0]LogUnrealEdMisc: Total Editor Startup Time, took 36.015
[2020.07.14-22.45.42:382][  0]LogSlate: Updating window title bar state: overlay mode, drag disabled, window buttons hidden, title bar hidden
[2020.07.14-22.45.42:389][  0]LogSlate: Updating window title bar state: overlay mode, drag disabled, window buttons hidden, title bar hidden
[2020.07.14-22.45.42:396][  0]LogSlate: Updating window title bar state: overlay mode, drag disabled, window buttons hidden, title bar hidden
[2020.07.14-22.45.42:403][  0]LogSlate: Updating window title bar state: overlay mode, drag disabled, window buttons hidden, title bar hidden
[2020.07.14-22.45.42:436][  0]LogCollectionManager: Loaded 0 collections in 0.001397 seconds
[2020.07.14-22.45.42:576][  0]LogFileCache: Scanning file cache for directory 'D:/Bryan Tope de 250 gb/UE4_Projects/BlackBoard_Nav/Saved/Collections/' took 0.00s
[2020.07.14-22.45.42:576][  0]LogFileCache: Scanning file cache for directory 'D:/Bryan Tope de 250 gb/UE4_Projects/BlackBoard_Nav/Content/Developers/lobo/Collections/' took 0.00s
[2020.07.14-22.45.42:576][  0]LogFileCache: Scanning file cache for directory 'D:/Bryan Tope de 250 gb/UE4_Projects/BlackBoard_Nav/Content/Collections/' took 0.00s
[2020.07.14-22.45.42:576][  0]LogContentBrowser: Native class hierarchy populated in 0.0093 seconds. Added 3464 classes and 828 folders.
[2020.07.14-22.45.42:601][  0]LogContentBrowser: Native class hierarchy updated for 'WidgetCarousel' in 0.0003 seconds. Added 0 classes and 0 folders.
[2020.07.14-22.45.43:184][  0]LogContentBrowser: Native class hierarchy updated for 'AddContentDialog' in 0.0004 seconds. Added 0 classes and 0 folders.
[2020.07.14-22.45.43:205][  0]LogContentBrowser: Native class hierarchy updated for 'SceneOutliner' in 0.0003 seconds. Added 2 classes and 0 folders.
[2020.07.14-22.45.50:489][  0]LogHoudiniEngine: Error: Hapi failed: 
[2020.07.14-22.45.50:992][  0]LogSlate: Took 0.051693 seconds to synchronously load lazily loaded font '../../../Engine/Content/Slate/Fonts/Roboto-Regular.ttf' (155K)
[2020.07.14-22.45.51:050][  0]LogSlate: Took 0.054308 seconds to synchronously load lazily loaded font '../../../Engine/Content/Slate/Fonts/Roboto-Bold.ttf' (160K)
[2020.07.14-22.45.51:204][  0]LogSlate: Took 0.152061 seconds to synchronously load lazily loaded font '../../../Engine/Content/Editor/Slate/Fonts/FontAwesome.ttf' (139K)
[2020.07.14-22.45.52:686][  0]LogRenderer: Reallocating scene render targets to support 1532x640 Format 9 NumSamples 1 (Frame:1).
[2020.07.14-22.45.53:573][  0]LogContentBrowser: Native class hierarchy updated for 'HierarchicalLODOutliner' in 0.0003 seconds. Added 0 classes and 0 folders.
[2020.07.14-22.45.53:574][  0]LogLoad: (Engine Initialization) Total time: 47.64 seconds
[2020.07.14-22.45.53:574][  0]LogLoad: (Engine Initialization) Total Blueprint compile time: 0.00 seconds
[2020.07.14-22.45.54:819][  0]LogAssetRegistry: Asset discovery search completed in 21.5698 seconds
[2020.07.14-22.45.54:836][  0]LogCollectionManager: Fixed up redirectors for 0 collections in 0.000003 seconds (updated 0 objects)
[2020.07.14-22.45.54:863][  0]LogContentStreaming: Texture pool size now 600 MB
[2020.07.14-22.45.54:984][  0]LogSlate: Took 0.113107 seconds to synchronously load lazily loaded font '../../../Engine/Content/Slate/Fonts/Roboto-Light.ttf' (167K)
[2020.07.14-22.45.55:036][  0]LogSlate: Took 0.000100 seconds to synchronously load lazily loaded font '../../../Engine/Content/Slate/Fonts/Roboto-Light.ttf' (167K)
[2020.07.14-22.46.00:903][324]LogAssetEditorSubsystem: Opening Asset editor for World /Game/BlackBoardTest/RVO.RVO
[2020.07.14-22.46.00:921][324]LogUObjectHash: Compacting FUObjectHashTables data took   1.16ms
[2020.07.14-22.46.00:926][324]Cmd: MAP LOAD FILE="../../../../../UE4_Projects/BlackBoard_Nav/Content/BlackBoardTest/RVO.umap" TEMPLATE=0 SHOWPROGRESS=1 FEATURELEVEL=3
[2020.07.14-22.46.00:926][324]LightingResults: New page: Lighting Build
[2020.07.14-22.46.00:926][324]LoadErrors: New page: Loading map: RVO.umap
[2020.07.14-22.46.00:942][324]LogWorld: UWorld::CleanupWorld for Untitled_1, bSessionEnded=true, bCleanupResources=true
[2020.07.14-22.46.00:942][324]LogSlate: InvalidateAllWidgets triggered.  All widgets were invalidated
[2020.07.14-22.46.00:942][324]MapCheck: New page: Map Check
[2020.07.14-22.46.00:942][324]LightingResults: New page: Lighting Build
[2020.07.14-22.46.00:957][324]LogAISub: UAISubsystem::~UAISubsystem EnvQueryManager (000000003D8B7E00), frame # 324
[2020.07.14-22.46.00:957][324]LogAISub: UAISubsystem::~UAISubsystem AIPerceptionSystem (000000003D80D800), frame # 324
[2020.07.14-22.46.00:958][324]LogUObjectHash: Compacting FUObjectHashTables data took   0.76ms
[2020.07.14-22.46.00:985][324]LogEditorServer: Finished looking for orphan Actors (0.000 secs)
[2020.07.14-22.46.00:985][324]LogAIModule: Creating AISystem for world RVO
[2020.07.14-22.46.00:985][324]LogAISub: UAISubsystem::UAISubsystem EnvQueryManager (000000003D877A00), frame # 324
[2020.07.14-22.46.00:985][324]LogAISub: UAISubsystem::UAISubsystem AIPerceptionSystem (0000000097BAE480), frame # 324
[2020.07.14-22.46.00:997][324]LogUObjectHash: Compacting FUObjectHashTables data took   0.68ms
[2020.07.14-22.46.01:069][324]Cmd: MAP CHECKDEP NOCLEARLOG
[2020.07.14-22.46.01:070][324]MapCheck: Map check complete: 0 Error(s), 0 Warning(s), took 0.085ms to complete.
[2020.07.14-22.46.01:070][324]LogFileHelpers: Loading map 'RVO' took 0.144
[2020.07.14-22.46.04:726][730]LogEditorViewport: Clicking on Actor (LMB): Formation_C (Formation5)
[2020.07.14-22.46.05:860][846]LogAssetEditorSubsystem: Opening Asset editor for Blueprint /Game/BlackBoardTest/Formations/Formation.Formation
[2020.07.14-22.46.06:094][846]LogContentBrowser: Native class hierarchy updated for 'BlueprintGraph' in 0.0005 seconds. Added 125 classes and 0 folders.
[2020.07.14-22.46.07:321][846]LogSlate: Took 0.016052 seconds to synchronously load lazily loaded font '../../../Engine/Content/Slate/Fonts/Roboto-BoldCondensed.ttf' (158K)
[2020.07.14-22.46.07:525][847]LogSlate: Took 0.058176 seconds to synchronously load lazily loaded font '../../../Engine/Content/Slate/Fonts/Roboto-Italic.ttf' (157K)
[2020.07.14-22.46.09:898][ 42]LogSlate: Window 'Formation' being destroyed
[2020.07.14-22.47.09:464][623]LogSlate: Took 0.016742 seconds to synchronously load lazily loaded font '../../../Engine/Content/Slate/Fonts/Roboto-BoldCondensedItalic.ttf' (160K)
[2020.07.14-22.48.12:574][123]BlueprintLog: New page: Compile Formation
[2020.07.14-22.48.12:655][123]LogUObjectHash: Compacting FUObjectHashTables data took   2.80ms
[2020.07.14-22.48.14:900][348]Cmd: OBJ SAVEPACKAGE PACKAGE="/Game/BlackBoardTest/Formations/Formation" FILE="../../../../../UE4_Projects/BlackBoard_Nav/Content/BlackBoardTest/Formations/Formation.uasset" SILENT=true
[2020.07.14-22.48.14:937][348]LogSavePackage: Moving '../../../../../UE4_Projects/BlackBoard_Nav/Saved/Formation26DD90414BE2379C6C873DA7A14EC4C0.tmp' to '../../../../../UE4_Projects/BlackBoard_Nav/Content/BlackBoardTest/Formations/Formation.uasset'
[2020.07.14-22.48.14:951][348]AssetCheck: New page: Asset Save: Formation
[2020.07.14-22.48.14:951][348]LogContentValidation: Display: Validating Blueprint /Game/BlackBoardTest/Formations/Formation.Formation
[2020.07.14-22.48.50:109][315]BlueprintLog: New page: Compile Formation
[2020.07.14-22.48.50:179][315]LogUObjectHash: Compacting FUObjectHashTables data took   3.02ms
[2020.07.14-22.48.50:639][348]Cmd: OBJ SAVEPACKAGE PACKAGE="/Game/BlackBoardTest/Formations/Formation" FILE="../../../../../UE4_Projects/BlackBoard_Nav/Content/BlackBoardTest/Formations/Formation.uasset" SILENT=true
[2020.07.14-22.48.50:674][348]LogSavePackage: Moving '../../../../../UE4_Projects/BlackBoard_Nav/Saved/FormationEA0A42EC450B1EC9135A5EB6A4A92934.tmp' to '../../../../../UE4_Projects/BlackBoard_Nav/Content/BlackBoardTest/Formations/Formation.uasset'
[2020.07.14-22.48.50:685][348]AssetCheck: New page: Asset Save: Formation
[2020.07.14-22.48.50:685][348]LogContentValidation: Display: Validating Blueprint /Game/BlackBoardTest/Formations/Formation.Formation
[2020.07.14-22.55.59:167][841]LogUObjectHash: Compacting FUObjectHashTables data took   3.01ms
[2020.07.14-22.55.59:171][841]Cmd: OBJ SAVEPACKAGE PACKAGE="/Game/BlackBoardTest/RVO" FILE="../../../../../UE4_Projects/BlackBoard_Nav/Saved/Autosaves/Game/BlackBoardTest/RVO_Auto1.umap" SILENT=true AUTOSAVING=true KEEPDIRTY=false
[2020.07.14-22.55.59:201][841]LogSavePackage: Moving '../../../../../UE4_Projects/BlackBoard_Nav/Saved/RVO_Auto151D8B23A4175394A70E83887BB86A740.tmp' to '../../../../../UE4_Projects/BlackBoard_Nav/Saved/Autosaves/Game/BlackBoardTest/RVO_Auto1.umap'
[2020.07.14-22.55.59:202][841]LogFileHelpers: Editor autosave (incl. sublevels) for '/Game/BlackBoardTest/RVO' took 0.066
[2020.07.14-22.55.59:202][841]LogFileHelpers: Editor autosave (incl. sublevels) for all levels took 0.066
[2020.07.14-22.55.59:202][841]OBJ SavePackage: Generating thumbnails for [1] asset(s) in package [/Game/BlackBoardTest/Formations/Formation] ([1] browsable assets)...
[2020.07.14-22.55.59:215][841]OBJ SavePackage:     Rendered thumbnail for [Blueprint /Game/BlackBoardTest/Formations/Formation.Formation]
[2020.07.14-22.55.59:215][841]OBJ SavePackage: Finished generating thumbnails for package [/Game/BlackBoardTest/Formations/Formation]
[2020.07.14-22.55.59:252][841]LogSavePackage: Moving '../../../../../UE4_Projects/BlackBoard_Nav/Saved/Formation_Auto1AD12DD25433F67EB60B1AC83DC6F8601.tmp' to '../../../../../UE4_Projects/BlackBoard_Nav/Saved/Autosaves/Game/BlackBoardTest/Formations/Formation_Auto1.uasset'
[2020.07.14-22.55.59:252][841]LogFileHelpers: Auto-saving content packages took 0.050
[2020.07.14-23.02.02:960][561]BlueprintLog: New page: Compile Formation
[2020.07.14-23.02.03:036][561]LogUObjectHash: Compacting FUObjectHashTables data took   2.50ms
[2020.07.14-23.02.03:790][629]Cmd: OBJ SAVEPACKAGE PACKAGE="/Game/BlackBoardTest/Formations/Formation" FILE="../../../../../UE4_Projects/BlackBoard_Nav/Content/BlackBoardTest/Formations/Formation.uasset" SILENT=true
[2020.07.14-23.02.03:826][629]LogSavePackage: Moving '../../../../../UE4_Projects/BlackBoard_Nav/Saved/FormationAFC8671F4CC31B6070E7F89FBE2C9A90.tmp' to '../../../../../UE4_Projects/BlackBoard_Nav/Content/BlackBoardTest/Formations/Formation.uasset'
[2020.07.14-23.02.03:836][629]AssetCheck: New page: Asset Save: Formation
[2020.07.14-23.02.03:836][629]LogContentValidation: Display: Validating Blueprint /Game/BlackBoardTest/Formations/Formation.Formation
[2020.07.14-23.03.21:937][727]BlueprintLog: New page: Compile Formation
[2020.07.14-23.03.22:008][727]LogUObjectHash: Compacting FUObjectHashTables data took   3.00ms
[2020.07.14-23.03.22:609][779]Cmd: OBJ SAVEPACKAGE PACKAGE="/Game/BlackBoardTest/Formations/Formation" FILE="../../../../../UE4_Projects/BlackBoard_Nav/Content/BlackBoardTest/Formations/Formation.uasset" SILENT=true
[2020.07.14-23.03.22:644][779]LogSavePackage: Moving '../../../../../UE4_Projects/BlackBoard_Nav/Saved/Formation091157514C83C032AA6E97A41F92300F.tmp' to '../../../../../UE4_Projects/BlackBoard_Nav/Content/BlackBoardTest/Formations/Formation.uasset'
[2020.07.14-23.03.22:655][779]AssetCheck: New page: Asset Save: Formation
[2020.07.14-23.03.22:655][779]LogContentValidation: Display: Validating Blueprint /Game/BlackBoardTest/Formations/Formation.Formation
[2020.07.14-23.03.42:715][990]BlueprintLog: New page: Compile Formation
[2020.07.14-23.03.42:794][990]LogUObjectHash: Compacting FUObjectHashTables data took   2.83ms
[2020.07.14-23.03.43:378][ 38]Cmd: OBJ SAVEPACKAGE PACKAGE="/Game/BlackBoardTest/Formations/Formation" FILE="../../../../../UE4_Projects/BlackBoard_Nav/Content/BlackBoardTest/Formations/Formation.uasset" SILENT=true
[2020.07.14-23.03.43:411][ 38]LogSavePackage: Moving '../../../../../UE4_Projects/BlackBoard_Nav/Saved/FormationC8244542485C87F98FFAD6B3FBF65571.tmp' to '../../../../../UE4_Projects/BlackBoard_Nav/Content/BlackBoardTest/Formations/Formation.uasset'
[2020.07.14-23.03.43:419][ 38]AssetCheck: New page: Asset Save: Formation
[2020.07.14-23.03.43:419][ 38]LogContentValidation: Display: Validating Blueprint /Game/BlackBoardTest/Formations/Formation.Formation
